2013-05-30T19:56:27+00:00 ERR (3): Warning: simplexml_load_string() [<a href='function.simplexml-load-string'>function.simplexml-load-string</a>]: Entity: line 172: parser error : Comment not terminated 
&lt;!--&lt;sales_quote_merge_after&gt;
                &lt;observe  in Z:\home\service\www\lib\Varien\Simplexml\Config.php on line 510
2013-05-30T19:56:27+00:00 ERR (3): Warning: simplexml_load_string() [<a href='function.simplexml-load-string'>function.simplexml-load-string</a>]:             &lt;!--&lt;sales_order_invoice_save_after&gt;  in Z:\home\service\www\lib\Varien\Simplexml\Config.php on line 510
2013-05-30T19:56:27+00:00 ERR (3): Warning: simplexml_load_string() [<a href='function.simplexml-load-string'>function.simplexml-load-string</a>]:               ^  in Z:\home\service\www\lib\Varien\Simplexml\Config.php on line 510
2013-05-30T19:56:34+00:00 ERR (3): Warning: simplexml_load_string() [<a href='function.simplexml-load-string'>function.simplexml-load-string</a>]: Entity: line 172: parser error : Comment not terminated 
&lt;!--&lt;sales_quote_merge_after&gt;
                &lt;observe  in Z:\home\service\www\lib\Varien\Simplexml\Config.php on line 510
2013-05-30T19:56:34+00:00 ERR (3): Warning: simplexml_load_string() [<a href='function.simplexml-load-string'>function.simplexml-load-string</a>]:             &lt;!--&lt;sales_order_invoice_save_after&gt;  in Z:\home\service\www\lib\Varien\Simplexml\Config.php on line 510
2013-05-30T19:56:34+00:00 ERR (3): Warning: simplexml_load_string() [<a href='function.simplexml-load-string'>function.simplexml-load-string</a>]:               ^  in Z:\home\service\www\lib\Varien\Simplexml\Config.php on line 510
2013-07-06T11:48:07+00:00 ERR (3): Warning: simplexml_load_string() [<a href='function.simplexml-load-string'>function.simplexml-load-string</a>]: Entity: line 63: parser error : Opening and ending tag mismatch: parsers line 62 and menu  in Z:\home\service\www\lib\Varien\Simplexml\Config.php on line 510
2013-07-06T11:48:07+00:00 ERR (3): Warning: simplexml_load_string() [<a href='function.simplexml-load-string'>function.simplexml-load-string</a>]:         &lt;/menu&gt;  in Z:\home\service\www\lib\Varien\Simplexml\Config.php on line 510
2013-07-06T11:48:07+00:00 ERR (3): Warning: simplexml_load_string() [<a href='function.simplexml-load-string'>function.simplexml-load-string</a>]:                ^  in Z:\home\service\www\lib\Varien\Simplexml\Config.php on line 510
2013-07-06T11:48:07+00:00 ERR (3): Warning: simplexml_load_string() [<a href='function.simplexml-load-string'>function.simplexml-load-string</a>]: Entity: line 111: parser error : Opening and ending tag mismatch: parsers line 39 and adminhtml  in Z:\home\service\www\lib\Varien\Simplexml\Config.php on line 510
2013-07-06T11:48:07+00:00 ERR (3): Warning: simplexml_load_string() [<a href='function.simplexml-load-string'>function.simplexml-load-string</a>]:     &lt;/adminhtml&gt;     in Z:\home\service\www\lib\Varien\Simplexml\Config.php on line 510
2013-07-06T11:48:07+00:00 ERR (3): Warning: simplexml_load_string() [<a href='function.simplexml-load-string'>function.simplexml-load-string</a>]:                 ^  in Z:\home\service\www\lib\Varien\Simplexml\Config.php on line 510
2013-07-06T11:48:07+00:00 ERR (3): Warning: simplexml_load_string() [<a href='function.simplexml-load-string'>function.simplexml-load-string</a>]: Entity: line 124: parser error : Opening and ending tag mismatch: menu line 38 and config  in Z:\home\service\www\lib\Varien\Simplexml\Config.php on line 510
2013-07-06T11:48:07+00:00 ERR (3): Warning: simplexml_load_string() [<a href='function.simplexml-load-string'>function.simplexml-load-string</a>]: &lt;/config&gt;  in Z:\home\service\www\lib\Varien\Simplexml\Config.php on line 510
2013-07-06T11:48:07+00:00 ERR (3): Warning: simplexml_load_string() [<a href='function.simplexml-load-string'>function.simplexml-load-string</a>]:          ^  in Z:\home\service\www\lib\Varien\Simplexml\Config.php on line 510
2013-07-06T11:48:07+00:00 ERR (3): Warning: simplexml_load_string() [<a href='function.simplexml-load-string'>function.simplexml-load-string</a>]: Entity: line 125: parser error : Premature end of data in tag adminhtml line 37  in Z:\home\service\www\lib\Varien\Simplexml\Config.php on line 510
2013-07-06T11:48:07+00:00 ERR (3): Warning: simplexml_load_string() [<a href='function.simplexml-load-string'>function.simplexml-load-string</a>]:   in Z:\home\service\www\lib\Varien\Simplexml\Config.php on line 510
2013-07-06T11:48:07+00:00 ERR (3): Warning: simplexml_load_string() [<a href='function.simplexml-load-string'>function.simplexml-load-string</a>]: ^  in Z:\home\service\www\lib\Varien\Simplexml\Config.php on line 510
2013-07-06T11:48:07+00:00 ERR (3): Warning: simplexml_load_string() [<a href='function.simplexml-load-string'>function.simplexml-load-string</a>]: Entity: line 125: parser error : Premature end of data in tag config line 2  in Z:\home\service\www\lib\Varien\Simplexml\Config.php on line 510
2013-07-06T11:48:07+00:00 ERR (3): Warning: simplexml_load_string() [<a href='function.simplexml-load-string'>function.simplexml-load-string</a>]:   in Z:\home\service\www\lib\Varien\Simplexml\Config.php on line 510
2013-07-06T11:48:07+00:00 ERR (3): Warning: simplexml_load_string() [<a href='function.simplexml-load-string'>function.simplexml-load-string</a>]: ^  in Z:\home\service\www\lib\Varien\Simplexml\Config.php on line 510
